  stdafx.cpp
  WheelSystem.cpp
c:\users\rat-behavior(right)\documents\users\matsutake\wheelsystem\wheelsystem\serial.h : warning C4819: ファイルは、現在のコード ページ (932) で表示できない文字を含んでいます。データの損失を防ぐために、ファイルを Unicode 形式で保存してください。
c:\users\rat-behavior(right)\documents\users\matsutake\wheelsystem\wheelsystem\soundvector.h : warning C4819: ファイルは、現在のコード ページ (932) で表示できない文字を含んでいます。データの損失を防ぐために、ファイルを Unicode 形式で保存してください。
c:\users\rat-behavior(right)\documents\users\matsutake\wheelsystem\wheelsystem\wheelsystem.cpp(90): warning C4244: '引数': 'double' から 'float' への変換です。データが失われる可能性があります。
c:\users\rat-behavior(right)\documents\users\matsutake\wheelsystem\wheelsystem\wheelsystem.cpp(93): warning C4101: 'e': ローカル変数は 1 度も使われていません。
c:\users\rat-behavior(right)\documents\users\matsutake\wheelsystem\wheelsystem\wheelsystem.cpp(130): warning C4244: '引数': 'double' から 'float' への変換です。データが失われる可能性があります。
c:\users\rat-behavior(right)\documents\users\matsutake\wheelsystem\wheelsystem\wheelsystem.cpp(133): warning C4101: 'e': ローカル変数は 1 度も使われていません。
  WF1974.cpp
c:\users\rat-behavior(right)\documents\users\matsutake\wheelsystem\wheelsystem\wf1974.cpp : warning C4819: ファイルは、現在のコード ページ (932) で表示できない文字を含んでいます。データの損失を防ぐために、ファイルを Unicode 形式で保存してください。
  soundVector.cpp
c:\users\rat-behavior(right)\documents\users\matsutake\wheelsystem\wheelsystem\soundvector.cpp : warning C4819: ファイルは、現在のコード ページ (932) で表示できない文字を含んでいます。データの損失を防ぐために、ファイルを Unicode 形式で保存してください。
c:\users\rat-behavior(right)\documents\users\matsutake\wheelsystem\wheelsystem\soundvector.h : warning C4819: ファイルは、現在のコード ページ (932) で表示できない文字を含んでいます。データの損失を防ぐために、ファイルを Unicode 形式で保存してください。
c:\users\rat-behavior(right)\documents\users\matsutake\wheelsystem\wheelsystem\soundvector.cpp(69): warning C4018: '>': signed と unsigned の数値を比較しようとしました。
c:\users\rat-behavior(right)\documents\users\matsutake\wheelsystem\wheelsystem\soundvector.cpp(148): warning C4018: '>': signed と unsigned の数値を比較しようとしました。
c:\users\rat-behavior(right)\documents\users\matsutake\wheelsystem\wheelsystem\soundvector.cpp(169): warning C4018: '>': signed と unsigned の数値を比較しようとしました。
c:\users\rat-behavior(right)\documents\users\matsutake\wheelsystem\wheelsystem\soundvector.cpp(634): warning C4244: '初期化中': 'float' から 'int' への変換です。データが失われる可能性があります。
  Serial.cpp
c:\users\rat-behavior(right)\documents\users\matsutake\wheelsystem\wheelsystem\serial.cpp : warning C4819: ファイルは、現在のコード ページ (932) で表示できない文字を含んでいます。データの損失を防ぐために、ファイルを Unicode 形式で保存してください。
c:\users\rat-behavior(right)\documents\users\matsutake\wheelsystem\wheelsystem\serial.h : warning C4819: ファイルは、現在のコード ページ (932) で表示できない文字を含んでいます。データの損失を防ぐために、ファイルを Unicode 形式で保存してください。
  CSV.cpp
  コードを生成中...
  WheelSystem.vcxproj -> C:\Users\rat-behavior(Right)\Documents\Users\matsutake\WheelSystem\Debug\WheelSystem.exe
